<?xml version="1.0" encoding="UTF-8"?>
<!-- Generated by org.testng.reporters.JUnitReportReporter -->
<testsuite hostname="DESKTOP-ISHA750" failures="0" tests="5" name="TestCases.FunctionalityTesting_Flights" time="78.168" errors="0" timestamp="2024-08-11T21:48:06 IST" skipped="0">
  <testcase classname="TestCases.FunctionalityTesting_Flights" name="FlightSearchwithDynamicValues" time="14.264"/>
  <testcase classname="TestCases.FunctionalityTesting_Flights" name="FlightSearchwithDynamicValues" time="16.084"/>
  <testcase classname="TestCases.FunctionalityTesting_Flights" name="FlightSearchwithDynamicValues" time="15.182"/>
  <testcase classname="TestCases.FunctionalityTesting_Flights" name="FlightSearchwithDynamicValues" time="15.040"/>
  <testcase classname="TestCases.FunctionalityTesting_Flights" name="FlightSearchwithDynamicValues" time="17.598"/>
</testsuite> <!-- TestCases.FunctionalityTesting_Flights -->
